<?xml version="1.0" encoding="UTF-8"?>
<testng-results skipped="0" failed="0" total="1" passed="1">
  <reporter-output>
  </reporter-output>
  <suite name="Default suite" duration-ms="20820" started-at="2015-09-27T03:23:29Z" finished-at="2015-09-27T03:23:50Z">
    <groups>
    </groups>
    <test name="Default test" duration-ms="20820" started-at="2015-09-27T03:23:29Z" finished-at="2015-09-27T03:23:50Z">
      <class name="tests.LoginPageTest">
        <test-method status="PASS" signature="setUp()[pri:0, instance:tests.LoginPageTest@55de5f0b]" name="setUp" is-config="true" duration-ms="14860" started-at="2015-09-26T23:23:29Z" finished-at="2015-09-26T23:23:44Z">
          <reporter-output>
          </reporter-output>
        </test-method> <!-- setUp -->
        <test-method status="PASS" signature="validLoginTest()[pri:0, instance:tests.LoginPageTest@55de5f0b]" name="validLoginTest" duration-ms="5886" started-at="2015-09-26T23:23:44Z" finished-at="2015-09-26T23:23:50Z">
          <reporter-output>
          </reporter-output>
        </test-method> <!-- validLoginTest -->
      </class> <!-- tests.LoginPageTest -->
    </test> <!-- Default test -->
  </suite> <!-- Default suite -->
</testng-results>
